<?xml version="1.0" encoding="UTF-8"?>
<!-- Generated by org.testng.reporters.JUnitReportReporter -->
<testsuite name="com.selenium.testcases.MyFirstTestCase" tests="3" time="0.015" ignored="0" failures="0" timestamp="23 Feb 2022 04:40:32 GMT" skipped="2" hostname="DESKTOP-VEKRLTS" errors="1">
  <testcase name="driverStart" time="0.000" classname="com.selenium.testcases.MyFirstTestCase">
    <error type="org.testng.TestNGException" message="
Can inject only one of &lt;ITestContext, XmlTest, Method, Object[]&gt; into a BeforeMethod annotated driverStart.
For more information on native dependency injection please refer to http://testng.org/doc/documentation-main.html#native-dependency-injection">
      <![CDATA[org.testng.TestNGException: 
Can inject only one of <ITestContext, XmlTest, Method, Object[]> into a BeforeMethod annotated driverStart.
For more information on native dependency injection please refer to http://testng.org/doc/documentation-main.html#native-dependency-injection
	at org.testng.internal.Parameters.checkParameterTypes(Parameters.java:244)
	at org.testng.internal.Parameters.createParameters(Parameters.java:172)
	at org.testng.internal.Parameters.createParameters(Parameters.java:458)
	at org.testng.internal.Parameters.createConfigurationParameters(Parameters.java:118)
	at org.testng.internal.Invoker.invokeConfigurations(Invoker.java:203)
	at org.testng.internal.Invoker.invokeMethod(Invoker.java:590)
	at org.testng.internal.Invoker.invokeTestMethod(Invoker.java:851)
	at org.testng.internal.Invoker.invokeTestMethods(Invoker.java:1177)
	at org.testng.internal.TestMethodWorker.invokeTestMethods(TestMethodWorker.java:129)
	at org.testng.internal.TestMethodWorker.run(TestMethodWorker.java:112)
	at java.util.concurrent.ThreadPoolExecutor.runWorker(ThreadPoolExecutor.java:1149)
	at java.util.concurrent.ThreadPoolExecutor$Worker.run(ThreadPoolExecutor.java:624)
	at java.lang.Thread.run(Thread.java:748)
]]>
    </error>
  </testcase> <!-- driverStart -->
  <testcase name="guestCheckOut" time="0.013" classname="com.selenium.testcases.MyFirstTestCase">
    <skipped/>
  </testcase> <!-- guestCheckOut -->
  <testcase name="loginCheckout" time="0.002" classname="com.selenium.testcases.MyFirstTestCase">
    <skipped/>
  </testcase> <!-- loginCheckout -->
</testsuite> <!-- com.selenium.testcases.MyFirstTestCase -->
